<?xml version='1.0'?>
<ns2:test-suite xmlns:ns2='urn:model.allure.qatools.yandex.ru' start='1571801262883' stop='1571801267175'>
    <name>Search Page</name>
    <title>Search Page</title>
    <test-cases>
        <test-case start='1571801264691' status='passed' stop='1571801265392'>
            <name>should do a search</name>
            <title>should do a search</title>
            <labels>
                <label name='severity' value='Normal'/>
            </labels>
            <parameters>
                <parameter kind='environment-variable' name='QA' value='David Barrera'/>
            </parameters>
            <steps/>
            <attachments>
                <attachment title='Screenshot' source='0e36b0ed-d83d-4df9-9b81-35f2445acd23-attachment.png' type='image/png' size='288697'/>
            </attachments>
        </test-case>
        <test-case start='1571801265392' status='failed' stop='1571801265937'>
            <name>should clear search results</name>
            <title>should clear search results</title>
            <labels>
                <label name='severity' value='Normal'/>
            </labels>
            <parameters>
                <parameter kind='environment-variable' name='QA' value='David Barrera'/>
            </parameters>
            <steps/>
            <attachments>
                <attachment title='Screenshot' source='2be7debb-01de-4abf-bd6e-0034cb9bd99f-attachment.png' type='image/png' size='155785'/>
            </attachments>
            <failure>
                <message>Failed: No element found using locator: By(css selector, .jss377 button)</message>
                <stack-trace>NoSuchElementError: No element found using locator: By(css selector, .jss377 button)
                    at elementArrayFinder.getWebElements.then (/Users/jbarrera/.nvm/versions/node/v10.13.0/lib/node_modules/protractor/built/element.js:814:27)
                    at process._tickCallback (internal/process/next_tick.js:68:7)Error
                    at ElementArrayFinder.applyAction_ (/Users/jbarrera/.nvm/versions/node/v10.13.0/lib/node_modules/protractor/built/element.js:459:27)
                    at ElementArrayFinder.(anonymous function).args [as click] (/Users/jbarrera/.nvm/versions/node/v10.13.0/lib/node_modules/protractor/built/element.js:91:29)
                    at ElementFinder.(anonymous function).args [as click] (/Users/jbarrera/.nvm/versions/node/v10.13.0/lib/node_modules/protractor/built/element.js:831:22)
                    at Object.&lt;anonymous> (/Users/jbarrera/Desktop/DavidAutomation/protractorHugeAutomation/e2e/src/specs/home/homeSearch.e2e-spec.ts:24:40)
                    at step (/Users/jbarrera/Desktop/DavidAutomation/protractorHugeAutomation/node_modules/tslib/tslib.js:136:27)
                    at Object.next (/Users/jbarrera/Desktop/DavidAutomation/protractorHugeAutomation/node_modules/tslib/tslib.js:117:57)
                    at fulfilled (/Users/jbarrera/Desktop/DavidAutomation/protractorHugeAutomation/node_modules/tslib/tslib.js:107:62)
                    at process._tickCallback (internal/process/next_tick.js:68:7)
                From asynchronous test: 
                Error
                    at Suite.&lt;anonymous> (/Users/jbarrera/Desktop/DavidAutomation/protractorHugeAutomation/e2e/src/specs/home/homeSearch.e2e-spec.ts:21:3)
                    at addSpecsToSuite (/Users/jbarrera/.nvm/versions/node/v10.13.0/lib/node_modules/protractor/node_modules/jasmine-core/lib/jasmine-core/jasmine.js:1107:25)
                    at Env.describe (/Users/jbarrera/.nvm/versions/node/v10.13.0/lib/node_modules/protractor/node_modules/jasmine-core/lib/jasmine-core/jasmine.js:1074:7)
                    at describe (/Users/jbarrera/.nvm/versions/node/v10.13.0/lib/node_modules/protractor/node_modules/jasmine-core/lib/jasmine-core/jasmine.js:4399:18)
                    at Object.&lt;anonymous> (/Users/jbarrera/Desktop/DavidAutomation/protractorHugeAutomation/e2e/src/specs/home/homeSearch.e2e-spec.ts:4:1)
                    at Module._compile (internal/modules/cjs/loader.js:688:30)
                    at Module.m._compile (/Users/jbarrera/Desktop/DavidAutomation/protractorHugeAutomation/node_modules/ts-node/src/index.ts:439:23)
                    at Module._extensions..js (internal/modules/cjs/loader.js:699:10)
                    at Object.require.extensions.(anonymous function) [as .ts] (/Users/jbarrera/Desktop/DavidAutomation/protractorHugeAutomation/node_modules/ts-node/src/index.ts:442:12)</stack-trace>
            </failure>
        </test-case>
        <test-case start='1571801265937' status='failed' stop='1571801266637'>
            <name>should do another query from fixed search bar</name>
            <title>should do another query from fixed search bar</title>
            <labels>
                <label name='severity' value='Normal'/>
            </labels>
            <parameters>
                <parameter kind='environment-variable' name='QA' value='David Barrera'/>
            </parameters>
            <steps/>
            <attachments>
                <attachment title='Screenshot' source='49cba8e1-d6aa-4cf6-91fe-814be3d59cb9-attachment.png' type='image/png' size='154548'/>
            </attachments>
            <failure>
                <message>Failed: No element found using locator: By(css selector, .jss106 input)</message>
                <stack-trace>NoSuchElementError: No element found using locator: By(css selector, .jss106 input)
                    at elementArrayFinder.getWebElements.then (/Users/jbarrera/.nvm/versions/node/v10.13.0/lib/node_modules/protractor/built/element.js:814:27)
                    at process._tickCallback (internal/process/next_tick.js:68:7)Error
                    at ElementArrayFinder.applyAction_ (/Users/jbarrera/.nvm/versions/node/v10.13.0/lib/node_modules/protractor/built/element.js:459:27)
                    at ElementArrayFinder.(anonymous function).args [as sendKeys] (/Users/jbarrera/.nvm/versions/node/v10.13.0/lib/node_modules/protractor/built/element.js:91:29)
                    at ElementFinder.(anonymous function).args [as sendKeys] (/Users/jbarrera/.nvm/versions/node/v10.13.0/lib/node_modules/protractor/built/element.js:831:22)
                    at Object.&lt;anonymous> (/Users/jbarrera/Desktop/DavidAutomation/protractorHugeAutomation/e2e/src/specs/home/homeSearch.e2e-spec.ts:28:32)
                    at step (/Users/jbarrera/Desktop/DavidAutomation/protractorHugeAutomation/node_modules/tslib/tslib.js:136:27)
                    at Object.next (/Users/jbarrera/Desktop/DavidAutomation/protractorHugeAutomation/node_modules/tslib/tslib.js:117:57)
                    at /Users/jbarrera/Desktop/DavidAutomation/protractorHugeAutomation/node_modules/tslib/tslib.js:110:75
                    at new Promise (&lt;anonymous>)
                    at Object.__awaiter (/Users/jbarrera/Desktop/DavidAutomation/protractorHugeAutomation/node_modules/tslib/tslib.js:106:16)
                    at UserContext.&lt;anonymous> (/Users/jbarrera/Desktop/DavidAutomation/protractorHugeAutomation/e2e/src/specs/home/homeSearch.e2e-spec.ts:27:55)
                From asynchronous test: 
                Error
                    at Suite.&lt;anonymous> (/Users/jbarrera/Desktop/DavidAutomation/protractorHugeAutomation/e2e/src/specs/home/homeSearch.e2e-spec.ts:27:3)
                    at addSpecsToSuite (/Users/jbarrera/.nvm/versions/node/v10.13.0/lib/node_modules/protractor/node_modules/jasmine-core/lib/jasmine-core/jasmine.js:1107:25)
                    at Env.describe (/Users/jbarrera/.nvm/versions/node/v10.13.0/lib/node_modules/protractor/node_modules/jasmine-core/lib/jasmine-core/jasmine.js:1074:7)
                    at describe (/Users/jbarrera/.nvm/versions/node/v10.13.0/lib/node_modules/protractor/node_modules/jasmine-core/lib/jasmine-core/jasmine.js:4399:18)
                    at Object.&lt;anonymous> (/Users/jbarrera/Desktop/DavidAutomation/protractorHugeAutomation/e2e/src/specs/home/homeSearch.e2e-spec.ts:4:1)
                    at Module._compile (internal/modules/cjs/loader.js:688:30)
                    at Module.m._compile (/Users/jbarrera/Desktop/DavidAutomation/protractorHugeAutomation/node_modules/ts-node/src/index.ts:439:23)
                    at Module._extensions..js (internal/modules/cjs/loader.js:699:10)
                    at Object.require.extensions.(anonymous function) [as .ts] (/Users/jbarrera/Desktop/DavidAutomation/protractorHugeAutomation/node_modules/ts-node/src/index.ts:442:12)</stack-trace>
            </failure>
        </test-case>
        <test-case start='1571801266637' status='failed' stop='1571801267174'>
            <name>should do click on next pagination button</name>
            <title>should do click on next pagination button</title>
            <labels>
                <label name='severity' value='Normal'/>
            </labels>
            <parameters>
                <parameter kind='environment-variable' name='QA' value='David Barrera'/>
            </parameters>
            <steps/>
            <attachments>
                <attachment title='Screenshot' source='6b2b39ee-ac8c-4f65-a23f-0a505debd127-attachment.png' type='image/png' size='154830'/>
            </attachments>
            <failure>
                <message>Failed: No element found using locator: By(css selector, .jss106  button:nth-child(10))</message>
                <stack-trace>NoSuchElementError: No element found using locator: By(css selector, .jss106  button:nth-child(10))
                    at elementArrayFinder.getWebElements.then (/Users/jbarrera/.nvm/versions/node/v10.13.0/lib/node_modules/protractor/built/element.js:814:27)
                    at process._tickCallback (internal/process/next_tick.js:68:7)Error
                    at ElementArrayFinder.applyAction_ (/Users/jbarrera/.nvm/versions/node/v10.13.0/lib/node_modules/protractor/built/element.js:459:27)
                    at ElementArrayFinder.(anonymous function).args [as click] (/Users/jbarrera/.nvm/versions/node/v10.13.0/lib/node_modules/protractor/built/element.js:91:29)
                    at ElementFinder.(anonymous function).args [as click] (/Users/jbarrera/.nvm/versions/node/v10.13.0/lib/node_modules/protractor/built/element.js:831:22)
                    at Object.&lt;anonymous> (/Users/jbarrera/Desktop/DavidAutomation/protractorHugeAutomation/e2e/src/specs/home/homeSearch.e2e-spec.ts:34:45)
                    at step (/Users/jbarrera/Desktop/DavidAutomation/protractorHugeAutomation/node_modules/tslib/tslib.js:136:27)
                    at Object.next (/Users/jbarrera/Desktop/DavidAutomation/protractorHugeAutomation/node_modules/tslib/tslib.js:117:57)
                    at /Users/jbarrera/Desktop/DavidAutomation/protractorHugeAutomation/node_modules/tslib/tslib.js:110:75
                    at new Promise (&lt;anonymous>)
                    at Object.__awaiter (/Users/jbarrera/Desktop/DavidAutomation/protractorHugeAutomation/node_modules/tslib/tslib.js:106:16)
                    at UserContext.&lt;anonymous> (/Users/jbarrera/Desktop/DavidAutomation/protractorHugeAutomation/e2e/src/specs/home/homeSearch.e2e-spec.ts:33:51)
                From asynchronous test: 
                Error
                    at Suite.&lt;anonymous> (/Users/jbarrera/Desktop/DavidAutomation/protractorHugeAutomation/e2e/src/specs/home/homeSearch.e2e-spec.ts:33:3)
                    at addSpecsToSuite (/Users/jbarrera/.nvm/versions/node/v10.13.0/lib/node_modules/protractor/node_modules/jasmine-core/lib/jasmine-core/jasmine.js:1107:25)
                    at Env.describe (/Users/jbarrera/.nvm/versions/node/v10.13.0/lib/node_modules/protractor/node_modules/jasmine-core/lib/jasmine-core/jasmine.js:1074:7)
                    at describe (/Users/jbarrera/.nvm/versions/node/v10.13.0/lib/node_modules/protractor/node_modules/jasmine-core/lib/jasmine-core/jasmine.js:4399:18)
                    at Object.&lt;anonymous> (/Users/jbarrera/Desktop/DavidAutomation/protractorHugeAutomation/e2e/src/specs/home/homeSearch.e2e-spec.ts:4:1)
                    at Module._compile (internal/modules/cjs/loader.js:688:30)
                    at Module.m._compile (/Users/jbarrera/Desktop/DavidAutomation/protractorHugeAutomation/node_modules/ts-node/src/index.ts:439:23)
                    at Module._extensions..js (internal/modules/cjs/loader.js:699:10)
                    at Object.require.extensions.(anonymous function) [as .ts] (/Users/jbarrera/Desktop/DavidAutomation/protractorHugeAutomation/node_modules/ts-node/src/index.ts:442:12)</stack-trace>
            </failure>
        </test-case>
    </test-cases>
</ns2:test-suite>