<?xml version='1.0'?>
<ns2:test-suite xmlns:ns2='urn:model.allure.qatools.yandex.ru' start='1571840803216' stop='1571840811403'>
    <name>Home Page</name>
    <title>Home Page</title>
    <test-cases>
        <test-case start='1571840808840' status='failed' stop='1571840811399'>
            <name>should display leaderboard</name>
            <title>should display leaderboard</title>
            <labels>
                <label name='severity' value='Normal'/>
            </labels>
            <parameters>
                <parameter kind='environment-variable' name='QA' value='David Barrera'/>
            </parameters>
            <steps/>
            <attachments>
                <attachment title='Screenshot' source='5a4141a3-84e6-45b1-89e6-46e5aab71bd6-attachment.png' type='image/png' size='3713417'/>
            </attachments>
            <failure>
                <message>Failed: No element found using locator: By(css selector, .jss276 h3)</message>
                <stack-trace>NoSuchElementError: No element found using locator: By(css selector, .jss276 h3)
                    at elementArrayFinder.getWebElements.then (/Users/jbarrera/.nvm/versions/node/v10.13.0/lib/node_modules/protractor/built/element.js:814:27)
                    at process._tickCallback (internal/process/next_tick.js:68:7)
                From asynchronous test: 
                Error
                    at Suite.&lt;anonymous> (/Users/jbarrera/Desktop/DavidAutomation/protractorHugeAutomation/e2e/src/specs/home/home.e2e-spec.ts:29:3)
                    at addSpecsToSuite (/Users/jbarrera/.nvm/versions/node/v10.13.0/lib/node_modules/protractor/node_modules/jasmine-core/lib/jasmine-core/jasmine.js:1107:25)
                    at Env.describe (/Users/jbarrera/.nvm/versions/node/v10.13.0/lib/node_modules/protractor/node_modules/jasmine-core/lib/jasmine-core/jasmine.js:1074:7)
                    at describe (/Users/jbarrera/.nvm/versions/node/v10.13.0/lib/node_modules/protractor/node_modules/jasmine-core/lib/jasmine-core/jasmine.js:4399:18)
                    at Object.&lt;anonymous> (/Users/jbarrera/Desktop/DavidAutomation/protractorHugeAutomation/e2e/src/specs/home/home.e2e-spec.ts:13:1)
                    at Module._compile (internal/modules/cjs/loader.js:688:30)
                    at Module.m._compile (/Users/jbarrera/Desktop/DavidAutomation/protractorHugeAutomation/node_modules/ts-node/src/index.ts:439:23)
                    at Module._extensions..js (internal/modules/cjs/loader.js:699:10)
                    at Object.require.extensions.(anonymous function) [as .ts] (/Users/jbarrera/Desktop/DavidAutomation/protractorHugeAutomation/node_modules/ts-node/src/index.ts:442:12)</stack-trace>
            </failure>
        </test-case>
        <test-case start='1571840811399' status='pending' stop='1571840811400'>
            <name>should display headline</name>
            <title>should display headline</title>
            <labels/>
            <parameters/>
            <steps/>
            <attachments/>
            <failure>
                <message>This test was ignored</message>
                <stack-trace></stack-trace>
            </failure>
        </test-case>
        <test-case start='1571840811400' status='pending' stop='1571840811401'>
            <name>should close gdrp banner</name>
            <title>should close gdrp banner</title>
            <labels/>
            <parameters/>
            <steps/>
            <attachments/>
            <failure>
                <message>This test was ignored</message>
                <stack-trace></stack-trace>
            </failure>
        </test-case>
        <test-case start='1571840811401' status='pending' stop='1571840811401'>
            <name>should coach pga of america headline options</name>
            <title>should coach pga of america headline options</title>
            <labels/>
            <parameters/>
            <steps/>
            <attachments/>
            <failure>
                <message>This test was ignored</message>
                <stack-trace></stack-trace>
            </failure>
        </test-case>
        <test-case start='1571840811401' status='pending' stop='1571840811401'>
            <name>should focus 1 carrousel slide group option Level up</name>
            <title>should focus 1 carrousel slide group option Level up</title>
            <labels/>
            <parameters/>
            <steps/>
            <attachments/>
            <failure>
                <message>This test was ignored</message>
                <stack-trace></stack-trace>
            </failure>
        </test-case>
        <test-case start='1571840811401' status='pending' stop='1571840811401'>
            <name>should switch carrousel category</name>
            <title>should switch carrousel category</title>
            <labels/>
            <parameters/>
            <steps/>
            <attachments/>
            <failure>
                <message>This test was ignored</message>
                <stack-trace></stack-trace>
            </failure>
        </test-case>
        <test-case start='1571840811401' status='pending' stop='1571840811401'>
            <name>should open overlay</name>
            <title>should open overlay</title>
            <labels/>
            <parameters/>
            <steps/>
            <attachments/>
            <failure>
                <message>This test was ignored</message>
                <stack-trace></stack-trace>
            </failure>
        </test-case>
        <test-case start='1571840811401' status='pending' stop='1571840811401'>
            <name>should  play video</name>
            <title>should  play video</title>
            <labels/>
            <parameters/>
            <steps/>
            <attachments/>
            <failure>
                <message>This test was ignored</message>
                <stack-trace></stack-trace>
            </failure>
        </test-case>
        <test-case start='1571840811401' status='pending' stop='1571840811401'>
            <name>should close overlay and display headline top series</name>
            <title>should close overlay and display headline top series</title>
            <labels/>
            <parameters/>
            <steps/>
            <attachments/>
            <failure>
                <message>This test was ignored</message>
                <stack-trace></stack-trace>
            </failure>
        </test-case>
        <test-case start='1571840811401' status='pending' stop='1571840811402'>
            <name>should display pga reach</name>
            <title>should display pga reach</title>
            <labels/>
            <parameters/>
            <steps/>
            <attachments/>
            <failure>
                <message>This test was ignored</message>
                <stack-trace></stack-trace>
            </failure>
        </test-case>
        <test-case start='1571840811402' status='pending' stop='1571840811403'>
            <name>should display footer</name>
            <title>should display footer</title>
            <labels/>
            <parameters/>
            <steps/>
            <attachments/>
            <failure>
                <message>This test was ignored</message>
                <stack-trace></stack-trace>
            </failure>
        </test-case>
        <test-case start='1571840811403' status='pending' stop='1571840811403'>
            <name>test</name>
            <title>test</title>
            <labels/>
            <parameters/>
            <steps/>
            <attachments/>
            <failure>
                <message>This test was ignored</message>
                <stack-trace></stack-trace>
            </failure>
        </test-case>
    </test-cases>
</ns2:test-suite>