<?xml version='1.0'?>
<ns2:test-suite xmlns:ns2='urn:model.allure.qatools.yandex.ru' start='1571840864579' stop='1571840872662'>
    <name>Home Page</name>
    <title>Home Page</title>
    <test-cases>
        <test-case start='1571840869998' status='failed' stop='1571840872651'>
            <name>should display leaderboard</name>
            <title>should display leaderboard</title>
            <labels>
                <label name='severity' value='Normal'/>
            </labels>
            <parameters>
                <parameter kind='environment-variable' name='QA' value='David Barrera'/>
            </parameters>
            <steps/>
            <attachments>
                <attachment title='Screenshot' source='2d3d8560-af75-47af-b484-d990754ffc95-attachment.png' type='image/png' size='4050184'/>
            </attachments>
            <failure>
                <message>Failed: Cannot read property 'presenceOf' of undefined</message>
                <stack-trace>TypeError: Cannot read property 'presenceOf' of undefined
                    at HomePage.&lt;anonymous> (/Users/jbarrera/Desktop/DavidAutomation/protractorHugeAutomation/e2e/src/pageobjects/basePage.ts:75:27)
                    at step (/Users/jbarrera/Desktop/DavidAutomation/protractorHugeAutomation/node_modules/tslib/tslib.js:136:27)
                    at Object.next (/Users/jbarrera/Desktop/DavidAutomation/protractorHugeAutomation/node_modules/tslib/tslib.js:117:57)
                    at /Users/jbarrera/Desktop/DavidAutomation/protractorHugeAutomation/node_modules/tslib/tslib.js:110:75
                    at new Promise (&lt;anonymous>)
                    at Object.__awaiter (/Users/jbarrera/Desktop/DavidAutomation/protractorHugeAutomation/node_modules/tslib/tslib.js:106:16)
                    at HomePage.BasePage.expectAndScroll (/Users/jbarrera/Desktop/DavidAutomation/protractorHugeAutomation/e2e/src/pageobjects/basePage.ts:139:24)
                    at Object.&lt;anonymous> (/Users/jbarrera/Desktop/DavidAutomation/protractorHugeAutomation/e2e/src/specs/home/home.e2e-spec.ts:30:16)
                    at step (/Users/jbarrera/Desktop/DavidAutomation/protractorHugeAutomation/node_modules/tslib/tslib.js:136:27)
                    at Object.next (/Users/jbarrera/Desktop/DavidAutomation/protractorHugeAutomation/node_modules/tslib/tslib.js:117:57)
                From asynchronous test: 
                Error
                    at Suite.&lt;anonymous> (/Users/jbarrera/Desktop/DavidAutomation/protractorHugeAutomation/e2e/src/specs/home/home.e2e-spec.ts:29:3)
                    at addSpecsToSuite (/Users/jbarrera/.nvm/versions/node/v10.13.0/lib/node_modules/protractor/node_modules/jasmine-core/lib/jasmine-core/jasmine.js:1107:25)
                    at Env.describe (/Users/jbarrera/.nvm/versions/node/v10.13.0/lib/node_modules/protractor/node_modules/jasmine-core/lib/jasmine-core/jasmine.js:1074:7)
                    at describe (/Users/jbarrera/.nvm/versions/node/v10.13.0/lib/node_modules/protractor/node_modules/jasmine-core/lib/jasmine-core/jasmine.js:4399:18)
                    at Object.&lt;anonymous> (/Users/jbarrera/Desktop/DavidAutomation/protractorHugeAutomation/e2e/src/specs/home/home.e2e-spec.ts:13:1)
                    at Module._compile (internal/modules/cjs/loader.js:688:30)
                    at Module.m._compile (/Users/jbarrera/Desktop/DavidAutomation/protractorHugeAutomation/node_modules/ts-node/src/index.ts:439:23)
                    at Module._extensions..js (internal/modules/cjs/loader.js:699:10)
                    at Object.require.extensions.(anonymous function) [as .ts] (/Users/jbarrera/Desktop/DavidAutomation/protractorHugeAutomation/node_modules/ts-node/src/index.ts:442:12)</stack-trace>
            </failure>
        </test-case>
        <test-case start='1571840872651' status='pending' stop='1571840872652'>
            <name>should display headline</name>
            <title>should display headline</title>
            <labels/>
            <parameters/>
            <steps/>
            <attachments/>
            <failure>
                <message>This test was ignored</message>
                <stack-trace></stack-trace>
            </failure>
        </test-case>
        <test-case start='1571840872652' status='pending' stop='1571840872653'>
            <name>should close gdrp banner</name>
            <title>should close gdrp banner</title>
            <labels/>
            <parameters/>
            <steps/>
            <attachments/>
            <failure>
                <message>This test was ignored</message>
                <stack-trace></stack-trace>
            </failure>
        </test-case>
        <test-case start='1571840872653' status='pending' stop='1571840872654'>
            <name>should coach pga of america headline options</name>
            <title>should coach pga of america headline options</title>
            <labels/>
            <parameters/>
            <steps/>
            <attachments/>
            <failure>
                <message>This test was ignored</message>
                <stack-trace></stack-trace>
            </failure>
        </test-case>
        <test-case start='1571840872654' status='pending' stop='1571840872655'>
            <name>should focus 1 carrousel slide group option Level up</name>
            <title>should focus 1 carrousel slide group option Level up</title>
            <labels/>
            <parameters/>
            <steps/>
            <attachments/>
            <failure>
                <message>This test was ignored</message>
                <stack-trace></stack-trace>
            </failure>
        </test-case>
        <test-case start='1571840872655' status='pending' stop='1571840872656'>
            <name>should switch carrousel category</name>
            <title>should switch carrousel category</title>
            <labels/>
            <parameters/>
            <steps/>
            <attachments/>
            <failure>
                <message>This test was ignored</message>
                <stack-trace></stack-trace>
            </failure>
        </test-case>
        <test-case start='1571840872656' status='pending' stop='1571840872656'>
            <name>should open overlay</name>
            <title>should open overlay</title>
            <labels/>
            <parameters/>
            <steps/>
            <attachments/>
            <failure>
                <message>This test was ignored</message>
                <stack-trace></stack-trace>
            </failure>
        </test-case>
        <test-case start='1571840872656' status='pending' stop='1571840872656'>
            <name>should  play video</name>
            <title>should  play video</title>
            <labels/>
            <parameters/>
            <steps/>
            <attachments/>
            <failure>
                <message>This test was ignored</message>
                <stack-trace></stack-trace>
            </failure>
        </test-case>
        <test-case start='1571840872656' status='pending' stop='1571840872657'>
            <name>should close overlay and display headline top series</name>
            <title>should close overlay and display headline top series</title>
            <labels/>
            <parameters/>
            <steps/>
            <attachments/>
            <failure>
                <message>This test was ignored</message>
                <stack-trace></stack-trace>
            </failure>
        </test-case>
        <test-case start='1571840872657' status='pending' stop='1571840872659'>
            <name>should display pga reach</name>
            <title>should display pga reach</title>
            <labels/>
            <parameters/>
            <steps/>
            <attachments/>
            <failure>
                <message>This test was ignored</message>
                <stack-trace></stack-trace>
            </failure>
        </test-case>
        <test-case start='1571840872659' status='pending' stop='1571840872660'>
            <name>should display footer</name>
            <title>should display footer</title>
            <labels/>
            <parameters/>
            <steps/>
            <attachments/>
            <failure>
                <message>This test was ignored</message>
                <stack-trace></stack-trace>
            </failure>
        </test-case>
        <test-case start='1571840872660' status='pending' stop='1571840872661'>
            <name>test</name>
            <title>test</title>
            <labels/>
            <parameters/>
            <steps/>
            <attachments/>
            <failure>
                <message>This test was ignored</message>
                <stack-trace></stack-trace>
            </failure>
        </test-case>
    </test-cases>
</ns2:test-suite>