<?xml version='1.0'?>
<ns2:test-suite xmlns:ns2='urn:model.allure.qatools.yandex.ru' start='1571838107356' stop='1571838111330'>
    <name>Search Page</name>
    <title>Search Page</title>
    <test-cases>
        <test-case start='1571838109205' status='passed' stop='1571838109945'>
            <name>should do a search</name>
            <title>should do a search</title>
            <labels>
                <label name='severity' value='Normal'/>
            </labels>
            <parameters>
                <parameter kind='environment-variable' name='QA' value='David Barrera'/>
            </parameters>
            <steps/>
            <attachments>
                <attachment title='Screenshot' source='1d1f229d-98de-4503-bd79-bd72fcc34d80-attachment.png' type='image/png' size='288697'/>
            </attachments>
        </test-case>
        <test-case start='1571838109945' status='failed' stop='1571838110469'>
            <name>should clear search results</name>
            <title>should clear search results</title>
            <labels>
                <label name='severity' value='Normal'/>
            </labels>
            <parameters>
                <parameter kind='environment-variable' name='QA' value='David Barrera'/>
            </parameters>
            <steps/>
            <attachments>
                <attachment title='Screenshot' source='b123325e-caca-4de8-aa62-143883a565b8-attachment.png' type='image/png' size='150630'/>
            </attachments>
            <failure>
                <message>Failed: No element found using locator: By(css selector, .jss377 button)</message>
                <stack-trace>NoSuchElementError: No element found using locator: By(css selector, .jss377 button)
                    at elementArrayFinder.getWebElements.then (/Users/jbarrera/.nvm/versions/node/v10.13.0/lib/node_modules/protractor/built/element.js:814:27)
                    at process._tickCallback (internal/process/next_tick.js:68:7)Error
                    at ElementArrayFinder.applyAction_ (/Users/jbarrera/.nvm/versions/node/v10.13.0/lib/node_modules/protractor/built/element.js:459:27)
                    at ElementArrayFinder.(anonymous function).args [as click] (/Users/jbarrera/.nvm/versions/node/v10.13.0/lib/node_modules/protractor/built/element.js:91:29)
                    at ElementFinder.(anonymous function).args [as click] (/Users/jbarrera/.nvm/versions/node/v10.13.0/lib/node_modules/protractor/built/element.js:831:22)
                    at Object.&lt;anonymous> (/Users/jbarrera/Desktop/DavidAutomation/protractorHugeAutomation/e2e/src/specs/home/homeSearch.e2e-spec.ts:24:40)
                    at step (/Users/jbarrera/Desktop/DavidAutomation/protractorHugeAutomation/node_modules/tslib/tslib.js:136:27)
                    at Object.next (/Users/jbarrera/Desktop/DavidAutomation/protractorHugeAutomation/node_modules/tslib/tslib.js:117:57)
                    at fulfilled (/Users/jbarrera/Desktop/DavidAutomation/protractorHugeAutomation/node_modules/tslib/tslib.js:107:62)
                    at process._tickCallback (internal/process/next_tick.js:68:7)
                From asynchronous test: 
                Error
                    at Suite.&lt;anonymous> (/Users/jbarrera/Desktop/DavidAutomation/protractorHugeAutomation/e2e/src/specs/home/homeSearch.e2e-spec.ts:21:3)
                    at addSpecsToSuite (/Users/jbarrera/.nvm/versions/node/v10.13.0/lib/node_modules/protractor/node_modules/jasmine-core/lib/jasmine-core/jasmine.js:1107:25)
                    at Env.describe (/Users/jbarrera/.nvm/versions/node/v10.13.0/lib/node_modules/protractor/node_modules/jasmine-core/lib/jasmine-core/jasmine.js:1074:7)
                    at describe (/Users/jbarrera/.nvm/versions/node/v10.13.0/lib/node_modules/protractor/node_modules/jasmine-core/lib/jasmine-core/jasmine.js:4399:18)
                    at Object.&lt;anonymous> (/Users/jbarrera/Desktop/DavidAutomation/protractorHugeAutomation/e2e/src/specs/home/homeSearch.e2e-spec.ts:4:1)
                    at Module._compile (internal/modules/cjs/loader.js:688:30)
                    at Module.m._compile (/Users/jbarrera/Desktop/DavidAutomation/protractorHugeAutomation/node_modules/ts-node/src/index.ts:439:23)
                    at Module._extensions..js (internal/modules/cjs/loader.js:699:10)
                    at Object.require.extensions.(anonymous function) [as .ts] (/Users/jbarrera/Desktop/DavidAutomation/protractorHugeAutomation/node_modules/ts-node/src/index.ts:442:12)</stack-trace>
            </failure>
        </test-case>
        <test-case start='1571838110469' status='failed' stop='1571838110899'>
            <name>should do another query from fixed search bar</name>
            <title>should do another query from fixed search bar</title>
            <labels>
                <label name='severity' value='Normal'/>
            </labels>
            <parameters>
                <parameter kind='environment-variable' name='QA' value='David Barrera'/>
            </parameters>
            <steps/>
            <attachments>
                <attachment title='Screenshot' source='2e79356f-d13f-4e6a-b6d6-c93c1cdbd3e4-attachment.png' type='image/png' size='150929'/>
            </attachments>
            <failure>
                <message>Failed: No element found using locator: By(css selector, .jss106 input)</message>
                <stack-trace>NoSuchElementError: No element found using locator: By(css selector, .jss106 input)
                    at elementArrayFinder.getWebElements.then (/Users/jbarrera/.nvm/versions/node/v10.13.0/lib/node_modules/protractor/built/element.js:814:27)
                    at process._tickCallback (internal/process/next_tick.js:68:7)Error
                    at ElementArrayFinder.applyAction_ (/Users/jbarrera/.nvm/versions/node/v10.13.0/lib/node_modules/protractor/built/element.js:459:27)
                    at ElementArrayFinder.(anonymous function).args [as sendKeys] (/Users/jbarrera/.nvm/versions/node/v10.13.0/lib/node_modules/protractor/built/element.js:91:29)
                    at ElementFinder.(anonymous function).args [as sendKeys] (/Users/jbarrera/.nvm/versions/node/v10.13.0/lib/node_modules/protractor/built/element.js:831:22)
                    at Object.&lt;anonymous> (/Users/jbarrera/Desktop/DavidAutomation/protractorHugeAutomation/e2e/src/specs/home/homeSearch.e2e-spec.ts:28:32)
                    at step (/Users/jbarrera/Desktop/DavidAutomation/protractorHugeAutomation/node_modules/tslib/tslib.js:136:27)
                    at Object.next (/Users/jbarrera/Desktop/DavidAutomation/protractorHugeAutomation/node_modules/tslib/tslib.js:117:57)
                    at /Users/jbarrera/Desktop/DavidAutomation/protractorHugeAutomation/node_modules/tslib/tslib.js:110:75
                    at new Promise (&lt;anonymous>)
                    at Object.__awaiter (/Users/jbarrera/Desktop/DavidAutomation/protractorHugeAutomation/node_modules/tslib/tslib.js:106:16)
                    at UserContext.&lt;anonymous> (/Users/jbarrera/Desktop/DavidAutomation/protractorHugeAutomation/e2e/src/specs/home/homeSearch.e2e-spec.ts:27:55)
                From asynchronous test: 
                Error
                    at Suite.&lt;anonymous> (/Users/jbarrera/Desktop/DavidAutomation/protractorHugeAutomation/e2e/src/specs/home/homeSearch.e2e-spec.ts:27:3)
                    at addSpecsToSuite (/Users/jbarrera/.nvm/versions/node/v10.13.0/lib/node_modules/protractor/node_modules/jasmine-core/lib/jasmine-core/jasmine.js:1107:25)
                    at Env.describe (/Users/jbarrera/.nvm/versions/node/v10.13.0/lib/node_modules/protractor/node_modules/jasmine-core/lib/jasmine-core/jasmine.js:1074:7)
                    at describe (/Users/jbarrera/.nvm/versions/node/v10.13.0/lib/node_modules/protractor/node_modules/jasmine-core/lib/jasmine-core/jasmine.js:4399:18)
                    at Object.&lt;anonymous> (/Users/jbarrera/Desktop/DavidAutomation/protractorHugeAutomation/e2e/src/specs/home/homeSearch.e2e-spec.ts:4:1)
                    at Module._compile (internal/modules/cjs/loader.js:688:30)
                    at Module.m._compile (/Users/jbarrera/Desktop/DavidAutomation/protractorHugeAutomation/node_modules/ts-node/src/index.ts:439:23)
                    at Module._extensions..js (internal/modules/cjs/loader.js:699:10)
                    at Object.require.extensions.(anonymous function) [as .ts] (/Users/jbarrera/Desktop/DavidAutomation/protractorHugeAutomation/node_modules/ts-node/src/index.ts:442:12)</stack-trace>
            </failure>
        </test-case>
        <test-case start='1571838110899' status='failed' stop='1571838111329'>
            <name>should do click on next pagination button</name>
            <title>should do click on next pagination button</title>
            <labels>
                <label name='severity' value='Normal'/>
            </labels>
            <parameters>
                <parameter kind='environment-variable' name='QA' value='David Barrera'/>
            </parameters>
            <steps/>
            <attachments>
                <attachment title='Screenshot' source='2076ba46-755f-45d0-9263-ea28f4f81cfe-attachment.png' type='image/png' size='150928'/>
            </attachments>
            <failure>
                <message>Failed: No element found using locator: By(css selector, .jss106  button:nth-child(10))</message>
                <stack-trace>NoSuchElementError: No element found using locator: By(css selector, .jss106  button:nth-child(10))
                    at elementArrayFinder.getWebElements.then (/Users/jbarrera/.nvm/versions/node/v10.13.0/lib/node_modules/protractor/built/element.js:814:27)
                    at process._tickCallback (internal/process/next_tick.js:68:7)Error
                    at ElementArrayFinder.applyAction_ (/Users/jbarrera/.nvm/versions/node/v10.13.0/lib/node_modules/protractor/built/element.js:459:27)
                    at ElementArrayFinder.(anonymous function).args [as click] (/Users/jbarrera/.nvm/versions/node/v10.13.0/lib/node_modules/protractor/built/element.js:91:29)
                    at ElementFinder.(anonymous function).args [as click] (/Users/jbarrera/.nvm/versions/node/v10.13.0/lib/node_modules/protractor/built/element.js:831:22)
                    at Object.&lt;anonymous> (/Users/jbarrera/Desktop/DavidAutomation/protractorHugeAutomation/e2e/src/specs/home/homeSearch.e2e-spec.ts:34:45)
                    at step (/Users/jbarrera/Desktop/DavidAutomation/protractorHugeAutomation/node_modules/tslib/tslib.js:136:27)
                    at Object.next (/Users/jbarrera/Desktop/DavidAutomation/protractorHugeAutomation/node_modules/tslib/tslib.js:117:57)
                    at /Users/jbarrera/Desktop/DavidAutomation/protractorHugeAutomation/node_modules/tslib/tslib.js:110:75
                    at new Promise (&lt;anonymous>)
                    at Object.__awaiter (/Users/jbarrera/Desktop/DavidAutomation/protractorHugeAutomation/node_modules/tslib/tslib.js:106:16)
                    at UserContext.&lt;anonymous> (/Users/jbarrera/Desktop/DavidAutomation/protractorHugeAutomation/e2e/src/specs/home/homeSearch.e2e-spec.ts:33:51)
                From asynchronous test: 
                Error
                    at Suite.&lt;anonymous> (/Users/jbarrera/Desktop/DavidAutomation/protractorHugeAutomation/e2e/src/specs/home/homeSearch.e2e-spec.ts:33:3)
                    at addSpecsToSuite (/Users/jbarrera/.nvm/versions/node/v10.13.0/lib/node_modules/protractor/node_modules/jasmine-core/lib/jasmine-core/jasmine.js:1107:25)
                    at Env.describe (/Users/jbarrera/.nvm/versions/node/v10.13.0/lib/node_modules/protractor/node_modules/jasmine-core/lib/jasmine-core/jasmine.js:1074:7)
                    at describe (/Users/jbarrera/.nvm/versions/node/v10.13.0/lib/node_modules/protractor/node_modules/jasmine-core/lib/jasmine-core/jasmine.js:4399:18)
                    at Object.&lt;anonymous> (/Users/jbarrera/Desktop/DavidAutomation/protractorHugeAutomation/e2e/src/specs/home/homeSearch.e2e-spec.ts:4:1)
                    at Module._compile (internal/modules/cjs/loader.js:688:30)
                    at Module.m._compile (/Users/jbarrera/Desktop/DavidAutomation/protractorHugeAutomation/node_modules/ts-node/src/index.ts:439:23)
                    at Module._extensions..js (internal/modules/cjs/loader.js:699:10)
                    at Object.require.extensions.(anonymous function) [as .ts] (/Users/jbarrera/Desktop/DavidAutomation/protractorHugeAutomation/node_modules/ts-node/src/index.ts:442:12)</stack-trace>
            </failure>
        </test-case>
    </test-cases>
</ns2:test-suite>